<?xml version="1.0" encoding="UTF-8"?>
<!-- Generated by org.testng.reporters.JUnitXMLReporter -->
<testsuite ignored="0" hostname="DESKTOP-RJSAO1G" failures="0" tests="4" name="Default test" time="0.085" errors="0" timestamp="2023-09-15T20:56:22 EEST">
  <testcase classname="streams.test1" name="regular" time="0.009"/>
  <testcase classname="streams.test1" name="streamCollect" time="0.005"/>
  <testcase classname="streams.test1" name="streamFilter" time="0.004"/>
  <testcase classname="streams.test1" name="streamMap" time="0.009"/>
</testsuite> <!-- Default test -->
