<?xml version="1.0" encoding="UTF-8"?>
<testng-results ignored="0" total="4" passed="4" failed="0" skipped="0">
  <reporter-output>
  </reporter-output>
  <suite started-at="2023-09-15T20:56:21 EEST" name="Default suite" finished-at="2023-09-15T20:56:22 EEST" duration-ms="85">
    <groups>
    </groups>
    <test started-at="2023-09-15T20:56:21 EEST" name="Default test" finished-at="2023-09-15T20:56:22 EEST" duration-ms="85">
      <class name="streams.test1">
        <test-method signature="regular()[pri:0, instance:streams.test1@534a5a98]" started-at="2023-09-15T20:56:22 EEST" name="regular" finished-at="2023-09-15T20:56:22 EEST" duration-ms="9" status="PASS">
          <reporter-output>
          </reporter-output>
        </test-method> <!-- regular -->
        <test-method signature="streamCollect()[pri:0, instance:streams.test1@534a5a98]" started-at="2023-09-15T20:56:22 EEST" name="streamCollect" finished-at="2023-09-15T20:56:22 EEST" duration-ms="5" status="PASS">
          <reporter-output>
          </reporter-output>
        </test-method> <!-- streamCollect -->
        <test-method signature="streamFilter()[pri:0, instance:streams.test1@534a5a98]" started-at="2023-09-15T20:56:22 EEST" name="streamFilter" finished-at="2023-09-15T20:56:22 EEST" duration-ms="4" status="PASS">
          <reporter-output>
          </reporter-output>
        </test-method> <!-- streamFilter -->
        <test-method signature="streamMap()[pri:0, instance:streams.test1@534a5a98]" started-at="2023-09-15T20:56:22 EEST" name="streamMap" finished-at="2023-09-15T20:56:22 EEST" duration-ms="9" status="PASS">
          <reporter-output>
          </reporter-output>
        </test-method> <!-- streamMap -->
      </class> <!-- streams.test1 -->
    </test> <!-- Default test -->
  </suite> <!-- Default suite -->
</testng-results>
